<?xml version="1.0" encoding="UTF-8"?>
<!-- Generated by org.testng.reporters.JUnitReportReporter -->
<testsuite skipped="0" hostname="LAPTOP-FARCS6Q2" name="TestNgWork.InfoProvider" tests="2" failures="0" timestamp="27 May 2020 12:20:16 GMT" time="47.712" errors="0">
  <testcase name="chromedrivertest" time="30.524" classname="TestNgWork.InfoProvider"/>
  <testcase name="chromedrivertest" time="17.188" classname="TestNgWork.InfoProvider"/>
</testsuite> <!-- TestNgWork.InfoProvider -->
