<?xml version="1.0" encoding="UTF-8"?>
<!-- Generated by org.testng.reporters.JUnitReportReporter -->
<testsuite skipped="0" hostname="LAPTOP-FARCS6Q2" name="TestNgWork.SampleTestNg" tests="3" failures="0" timestamp="13 Jun 2020 14:39:12 GMT" time="45.676" errors="0">
  <testcase name="amazonPage" time="14.592" classname="TestNgWork.SampleTestNg"/>
  <testcase name="fireboxdriver" time="19.526" classname="TestNgWork.SampleTestNg"/>
  <testcase name="guruPage" time="11.558" classname="TestNgWork.SampleTestNg"/>
</testsuite> <!-- TestNgWork.SampleTestNg -->
